<?xml version="1.0" encoding="UTF-8"?>
<!-- Generated by org.testng.reporters.JUnitReportReporter -->
<testsuite hostname="Anu" failures="0" tests="1" name="TestScriptClinic.SignInTest" time="25.729" errors="0" timestamp="2025-05-02T19:17:08 IST" skipped="0">
  <testcase classname="TestScriptClinic.SignInTest" name="verifyLogin" time="25.729"/>
  <system-out/>
</testsuite> <!-- TestScriptClinic.SignInTest -->
