<?xml version="1.0" encoding="UTF-8"?>
<!-- Generated by org.testng.reporters.JUnitReportReporter -->
<testsuite hostname="Anu" failures="0" tests="1" name="TestScriptClinic.StaffPage_ActionClassTest" time="19.273" errors="0" timestamp="2025-05-09T15:30:19 IST" skipped="0">
  <testcase classname="TestScriptClinic.StaffPage_ActionClassTest" name="isUserAbleToNavigateToStaffPage" time="19.273"/>
  <system-out/>
</testsuite> <!-- TestScriptClinic.StaffPage_ActionClassTest -->
