<?xml version="1.0" encoding="UTF-8"?>
<!-- Generated by org.testng.reporters.JUnitReportReporter -->
<testsuite hostname="Anu" failures="0" tests="1" name="TestScriptClinic.StaffTest" time="19.100" errors="0" timestamp="2025-05-08T21:28:12 IST" skipped="0">
  <testcase classname="TestScriptClinic.StaffTest" name="isUserAbleToAddStaff" time="19.100"/>
  <system-out/>
</testsuite> <!-- TestScriptClinic.StaffTest -->
