<?xml version="1.0" encoding="UTF-8"?>
<!-- Generated by org.testng.reporters.JUnitReportReporter -->
<testsuite hostname="Anu" failures="0" tests="1" name="TestScriptClinic.Staff_Doctors_multipleWindowHandlingTest" time="35.143" errors="0" timestamp="2025-05-11T18:40:38 IST" skipped="0">
  <testcase classname="TestScriptClinic.Staff_Doctors_multipleWindowHandlingTest" name="framehandling" time="35.143"/>
  <system-out/>
</testsuite> <!-- TestScriptClinic.Staff_Doctors_multipleWindowHandlingTest -->
