<?xml version="1.0" encoding="UTF-8"?>
<!-- Generated by org.testng.reporters.JUnitReportReporter -->
<testsuite hostname="Anu" failures="0" tests="1" name="TestScriptClinic.Staff_Doctors_multipleWindowHandlingTest" time="30.800" errors="0" timestamp="2025-05-10T12:25:16 IST" skipped="0">
  <testcase classname="TestScriptClinic.Staff_Doctors_multipleWindowHandlingTest" name="isUserAbleToNavigateToStaffPage1" time="30.800"/>
  <system-out/>
</testsuite> <!-- TestScriptClinic.Staff_Doctors_multipleWindowHandlingTest -->
