<?xml version="1.0" encoding="UTF-8"?>
<!-- Generated by org.testng.reporters.JUnitReportReporter -->
<testsuite hostname="Anu" failures="0" tests="1" name="TestScriptClinic.Baseclass" time="14.019" errors="0" timestamp="2025-05-02T11:51:45 IST" skipped="0">
  <testcase classname="TestScriptClinic.Baseclass" name="beforeMethod" time="14.019"/>
  <system-out/>
</testsuite> <!-- TestScriptClinic.Baseclass -->
