<?xml version="1.0" encoding="UTF-8"?>
<!-- Generated by org.testng.reporters.JUnitReportReporter -->
<testsuite hostname="Anu" failures="0" tests="1" name="TestScriptClinic.AlertHandlingTest" time="30.856" errors="0" timestamp="2025-05-10T11:37:01 IST" skipped="0">
  <testcase classname="TestScriptClinic.AlertHandlingTest" name="isUserAbleToAddStaff" time="30.856"/>
  <system-out/>
</testsuite> <!-- TestScriptClinic.AlertHandlingTest -->
